<?xml version="1.0" encoding="UTF-8" ?>
<testsuite tests="4" failures="0" name="com.server.monitor.server_alert.GenerateAlertTest" time="0.137" errors="0" skipped="0">
  <properties>
[...]
</properties>
  <testcase classname="com.server.monitor.server_alert.GenerateAlertTest" name="testAlertBasedOnDiskUsage" time="0"/>
  <testcase classname="com.server.monitor.server_alert.GenerateAlertTest" name="testAlertBasedOnMemoryUsageWithNull" time="0"/>
  <testcase classname="com.server.monitor.server_alert.GenerateAlertTest" name="testAlertBasedOnMemoryUsage" time="0"/>
  <testcase classname="com.server.monitor.server_alert.GenerateAlertTest" name="testAlertBasedOnDiskUsageWithNull" time="0"/>
</testsuite>